<?xml version="1.0" encoding="UTF-8"?>
<testsuite name="com.spring.boot.ci.cd.SpringBootCiCdApplicationTests" tests="1" skipped="0" failures="0" errors="0" timestamp="2023-03-20T13:43:01" hostname="DESKTOP-19R8UTJ" time="0.492">
  <properties/>
  <testcase name="contextLoads()" classname="com.spring.boot.ci.cd.SpringBootCiCdApplicationTests" time="0.492"/>
  <system-out><![CDATA[09:42:58.045 [Test worker] DEBUG org.springframework.test.context.BootstrapUtils - Instantiating CacheAwareContextLoaderDelegate from class [org.springframework.test.context.cache.DefaultCacheAwareContextLoaderDelegate]
09:42:58.055 [Test worker] DEBUG org.springframework.test.context.BootstrapUtils - Instantiating BootstrapContext using constructor [public org.springframework.test.context.support.DefaultBootstrapContext(java.lang.Class,org.springframework.test.context.CacheAwareContextLoaderDelegate)]
09:42:58.085 [Test worker] DEBUG org.springframework.test.context.BootstrapUtils - Instantiating TestContextBootstrapper for test class [com.spring.boot.ci.cd.SpringBootCiCdApplicationTests] from class [org.springframework.boot.test.context.SpringBootTestContextBootstrapper]
09:42:58.095 [Test worker] INFO org.springframework.boot.test.context.SpringBootTestContextBootstrapper - Neither @ContextConfiguration nor @ContextHierarchy found for test class [com.spring.boot.ci.cd.SpringBootCiCdApplicationTests], using SpringBootContextLoader
09:42:58.100 [Test worker] DEBUG org.springframework.test.context.support.AbstractContextLoader - Did not detect default resource location for test class [com.spring.boot.ci.cd.SpringBootCiCdApplicationTests]: class path resource [com/spring/boot/ci/cd/SpringBootCiCdApplicationTests-context.xml] does not exist
09:42:58.101 [Test worker] DEBUG org.springframework.test.context.support.AbstractContextLoader - Did not detect default resource location for test class [com.spring.boot.ci.cd.SpringBootCiCdApplicationTests]: class path resource [com/spring/boot/ci/cd/SpringBootCiCdApplicationTestsContext.groovy] does not exist
09:42:58.101 [Test worker] INFO org.springframework.test.context.support.AbstractContextLoader - Could not detect default resource locations for test class [com.spring.boot.ci.cd.SpringBootCiCdApplicationTests]: no resource found for suffixes {-context.xml, Context.groovy}.
09:42:58.102 [Test worker] INFO org.springframework.test.context.support.AnnotationConfigContextLoaderUtils - Could not detect default configuration classes for test class [com.spring.boot.ci.cd.SpringBootCiCdApplicationTests]: SpringBootCiCdApplicationTests does not declare any static, non-private, non-final, nested classes annotated with @Configuration.
09:42:58.154 [Test worker] DEBUG org.springframework.test.context.support.ActiveProfilesUtils - Could not find an 'annotation declaring class' for annotation type [org.springframework.test.context.ActiveProfiles] and class [com.spring.boot.ci.cd.SpringBootCiCdApplicationTests]
09:42:58.202 [Test worker] DEBUG org.springframework.context.annotation.ClassPathScanningCandidateComponentProvider - Identified candidate component class: file [D:\work\sping_boot_test\spring-boot-ci-cd\build\classes\java\main\com\spring\boot\ci\cd\SpringBootCiCdApplication.class]
09:42:58.203 [Test worker] INFO org.springframework.boot.test.context.SpringBootTestContextBootstrapper - Found @SpringBootConfiguration com.spring.boot.ci.cd.SpringBootCiCdApplication for test class com.spring.boot.ci.cd.SpringBootCiCdApplicationTests
09:42:58.304 [Test worker] DEBUG org.springframework.boot.test.context.SpringBootTestContextBootstrapper - @TestExecutionListeners is not present for class [com.spring.boot.ci.cd.SpringBootCiCdApplicationTests]: using defaults.
09:42:58.304 [Test worker] INFO org.springframework.boot.test.context.SpringBootTestContextBootstrapper - Loaded default TestExecutionListener class names from location [META-INF/spring.factories]: [org.springframework.boot.test.autoconfigure.restdocs.RestDocsTestExecutionListener, org.springframework.boot.test.autoconfigure.web.client.MockRestServiceServerResetTestExecutionListener, org.springframework.boot.test.autoconfigure.web.servlet.MockMvcPrintOnlyOnFailureTestExecutionListener, org.springframework.boot.test.autoconfigure.web.servlet.WebDriverTestExecutionListener, org.springframework.boot.test.autoconfigure.webservices.client.MockWebServiceServerTestExecutionListener, org.springframework.boot.test.mock.mockito.MockitoTestExecutionListener, org.springframework.boot.test.mock.mockito.ResetMocksTestExecutionListener, org.springframework.test.context.web.ServletTestExecutionListener, org.springframework.test.context.support.DirtiesContextBeforeModesTestExecutionListener, org.springframework.test.context.event.ApplicationEventsTestExecutionListener, org.springframework.test.context.support.DependencyInjectionTestExecutionListener, org.springframework.test.context.support.DirtiesContextTestExecutionListener, org.springframework.test.context.transaction.TransactionalTestExecutionListener, org.springframework.test.context.jdbc.SqlScriptsTestExecutionListener, org.springframework.test.context.event.EventPublishingTestExecutionListener]
09:42:58.314 [Test worker] DEBUG org.springframework.boot.test.context.SpringBootTestContextBootstrapper - Skipping candidate TestExecutionListener [org.springframework.test.context.transaction.TransactionalTestExecutionListener] due to a missing dependency. Specify custom listener classes or make the default listener classes and their required dependencies available. Offending class: [org/springframework/transaction/interceptor/TransactionAttributeSource]
09:42:58.315 [Test worker] DEBUG org.springframework.boot.test.context.SpringBootTestContextBootstrapper - Skipping candidate TestExecutionListener [org.springframework.test.context.jdbc.SqlScriptsTestExecutionListener] due to a missing dependency. Specify custom listener classes or make the default listener classes and their required dependencies available. Offending class: [org/springframework/transaction/interceptor/TransactionAttribute]
09:42:58.316 [Test worker] INFO org.springframework.boot.test.context.SpringBootTestContextBootstrapper - Using TestExecutionListeners: [org.springframework.test.context.web.ServletTestExecutionListener@7646731d, org.springframework.test.context.support.DirtiesContextBeforeModesTestExecutionListener@70e29e14, org.springframework.test.context.event.ApplicationEventsTestExecutionListener@3b1bb3ab, org.springframework.boot.test.mock.mockito.MockitoTestExecutionListener@5a4bef8, org.springframework.boot.test.autoconfigure.SpringBootDependencyInjectionTestExecutionListener@40bffbca, org.springframework.test.context.support.DirtiesContextTestExecutionListener@2449cff7, org.springframework.test.context.event.EventPublishingTestExecutionListener@42a9a63e, org.springframework.boot.test.autoconfigure.restdocs.RestDocsTestExecutionListener@62da83ed, org.springframework.boot.test.autoconfigure.web.client.MockRestServiceServerResetTestExecutionListener@5d8445d7, org.springframework.boot.test.autoconfigure.web.servlet.MockMvcPrintOnlyOnFailureTestExecutionListener@37d80fe7, org.springframework.boot.test.autoconfigure.web.servlet.WebDriverTestExecutionListener@384fc774, org.springframework.boot.test.autoconfigure.webservices.client.MockWebServiceServerTestExecutionListener@e3cee7b, org.springframework.boot.test.mock.mockito.ResetMocksTestExecutionListener@71e9a896]
09:42:58.320 [Test worker] DEBUG org.springframework.test.context.support.AbstractDirtiesContextTestExecutionListener - Before test class: context [DefaultTestContext@615f972 testClass = SpringBootCiCdApplicationTests, testInstance = [null], testMethod = [null], testException = [null], mergedContextConfiguration = [WebMergedContextConfiguration@285f09de testClass = SpringBootCiCdApplicationTests, locations = '{}', classes = '{class com.spring.boot.ci.cd.SpringBootCiCdApplication}', contextInitializerClasses = '[]', activeProfiles = '{}', propertySourceLocations = '{}', propertySourceProperties = '{org.springframework.boot.test.context.SpringBootTestContextBootstrapper=true}', contextCustomizers = set[org.springframework.boot.test.autoconfigure.actuate.metrics.MetricsExportContextCustomizerFactory$DisableMetricExportContextCustomizer@5c153b9e, org.springframework.boot.test.autoconfigure.properties.PropertyMappingContextCustomizer@0, org.springframework.boot.test.autoconfigure.web.servlet.WebDriverContextCustomizerFactory$Customizer@5bd82fed, org.springframework.boot.test.context.filter.ExcludeFilterContextCustomizer@549949be, org.springframework.boot.test.json.DuplicateJsonObjectContextCustomizerFactory$DuplicateJsonObjectContextCustomizer@3eeb318f, org.springframework.boot.test.mock.mockito.MockitoContextCustomizer@0, org.springframework.boot.test.web.client.TestRestTemplateContextCustomizer@6f0b0a5e, org.springframework.boot.test.context.SpringBootTestArgs@1, org.springframework.boot.test.context.SpringBootTestWebEnvironment@45efd90f], resourceBasePath = 'src/main/webapp', contextLoader = 'org.springframework.boot.test.context.SpringBootContextLoader', parent = [null]], attributes = map['org.springframework.test.context.web.ServletTestExecutionListener.activateListener' -> true]], class annotated with @DirtiesContext [false] with mode [null].

  .   ____          _            __ _ _
 /\\ / ___'_ __ _ _(_)_ __  __ _ \ \ \ \
( ( )\___ | '_ | '_| | '_ \/ _` | \ \ \ \
 \\/  ___)| |_)| | | | | || (_| |  ) ) ) )
  '  |____| .__|_| |_|_| |_\__, | / / / /
 =========|_|==============|___/=/_/_/_/
 :: Spring Boot ::                (v2.6.3)

2023-03-20 09:42:58.664  INFO 27424 --- [    Test worker] c.s.b.c.c.SpringBootCiCdApplicationTests : Starting SpringBootCiCdApplicationTests using Java 11.0.17 on DESKTOP-19R8UTJ with PID 27424 (started by Mstar in D:\work\sping_boot_test\spring-boot-ci-cd)
2023-03-20 09:42:58.666  INFO 27424 --- [    Test worker] c.s.b.c.c.SpringBootCiCdApplicationTests : No active profile set, falling back to default profiles: default
2023-03-20 09:43:00.953  INFO 27424 --- [    Test worker] o.s.b.a.e.web.EndpointLinksResolver      : Exposing 1 endpoint(s) beneath base path '/actuator'
2023-03-20 09:43:01.018  INFO 27424 --- [    Test worker] c.s.b.c.c.SpringBootCiCdApplicationTests : Started SpringBootCiCdApplicationTests in 2.652 seconds (JVM running for 4.172)
]]></system-out>
  <system-err><![CDATA[]]></system-err>
</testsuite>
